build/app/outputs/mapping/release/usage.txt
com.example.libreria_antioquia.BuildConfig
com.example.libreria_antioquia.R$integer
com.example.libreria_antioquia.R$drawable
com.example.libreria_antioquia.R$color
com.example.libreria_antioquia.R$dimen
com.example.libreria_antioquia.R$layout
com.example.libreria_antioquia.R$style
com.example.libreria_antioquia.R$id
com.example.libreria_antioquia.R$styleable
com.example.libreria_antioquia.R$string
com.example.libreria_antioquia.R
com.example.libreria_antioquia.R$attr
com.example.libreria_antioquia.R$mipmap
...
kotlin.coroutines.jvm.internal.BaseContinuationImpl
kotlin.sequences.MergingSequence
kotlin.internal.ContractsDsl
androidx.core.view.accessibility.AccessibilityViewCommand$MoveAtGranularityArguments
androidx.core.view.inputmethod.InputConnectionCompat$OnCommitContentListener
androidx.loader.R$string
kotlin.sequences.TakeSequence$iterator$1
androidx.customview.view.AbsSavedState
io.flutter.embedding.engine.FlutterEngineConnectionRegistry$FlutterEngineServicePluginBinding:
    void <init>(android.app.Service,androidx.lifecycle.Lifecycle)
    public android.app.Service getService()
    public java.lang.Object getLifecycle()
    public void addOnModeChangeListener(io.flutter.embedding.engine.plugins.service.ServiceAware$OnModeChangeListener)
    public void removeOnModeChangeListener(io.flutter.embedding.engine.plugins.service.ServiceAware$OnModeChangeListener)
    void onMoveToForeground()
    void onMoveToBackground()
    private final android.app.Service service
    private final io.flutter.embedding.engine.plugins.lifecycle.HiddenLifecycleReference hiddenLifecycleReference
    private final java.util.Set onModeChangeListeners
kotlin.io.FilesKt__FileTreeWalkKt
kotlin.sequences.DropSequence$iterator$1
androidx.core.os.LocaleListCompat
androidx.lifecycle.ClassesInfoCache$MethodReference
io.flutter.embedding.android.FlutterActivity:
    public static android.content.Intent createDefaultIntent(android.content.Context)
    public static io.flutter.embedding.android.FlutterActivity$NewEngineIntentBuilder withNewEngine()
    public static io.flutter.embedding.android.FlutterActivity$CachedEngineIntentBuilder withCachedEngine(java.lang.String)
    void setDelegate(io.flutter.embedding.android.FlutterActivityAndFragmentDelegate)
    private static final java.lang.String TAG
androidx.core.os.LocaleListPlatformWrapper
androidx.core.view.ViewCompat$UnhandledKeyEventManager
kotlin.io.FileTreeWalk$DirectoryState
kotlin.contracts.ReturnsNotNull
androidx.core.internal.view.SupportMenuItem
androidx.core.provider.FontsContractCompat$4$9
androidx.annotation.AnyRes
kotlin.coroutines.experimental.intrinsics.IntrinsicsKt__IntrinsicsKt
kotlin.coroutines.intrinsics.IntrinsicsKt__IntrinsicsJvmKt$createCoroutineUnintercepted$$inlined$createCoroutineFromSuspendFunction$IntrinsicsKt__IntrinsicsJvmKt$4
kotlin.text.StringsKt__StringsKt$rangesDelimitedBy$4
kotlin.text.ScreenFloatValueRegEx
androidx.customview.R$layout
kotlin.jvm.internal.Ref$ByteRef
android.support.v4.app.INotificationSideChannel$Stub
androidx.core.app.JobIntentService$JobServiceEngineImpl
kotlin.coroutines.CombinedContext$Serialized$Companion
androidx.core.app.BundleCompat
kotlin.text.StringsKt__StringBuilderKt
kotlin.coroutines.RestrictsSuspension
io.flutter.plugins.sharedpreferences.R$integer
kotlin.coroutines.experimental.intrinsics.IntrinsicsKt__IntrinsicsJvmKt$createCoroutineUnchecked$$inlined$buildContinuationByInvokeCall$IntrinsicsKt__IntrinsicsJvmKt$2
androidx.loader.content.CursorLoader
androidx.core.app.NavUtils
androidx.core.graphics.ColorUtils
androidx.fragment.app.FragmentManager$BackStackEntry
androidx.core.view.DragStartHelper
io.flutter.view.FlutterView$1
androidx.core.content.res.ResourcesCompat